# JRE version: OpenJDK Runtime Environment Temurin-21.0.7+6 (21.0.7+6) (build 21.0.7+6-LTS)
# Java VM: OpenJDK 64-Bit Server VM Temurin-21.0.7+6 (21.0.7+6-LTS, mixed mode, sharing, tiered, compressed oops, compressed class ptrs, parallel gc, windows-amd64)
GC Precious Log:
 CardTable entry size: 512
 CPUs: 4 total, 4 available
 Memory: 7979M
 Large Page Support: Disabled
 NUMA Support: Disabled
 Compressed Oops: Enabled (32-bit)
 Alignments: Space 512K, Generation 512K, Heap 2M
 Heap Min Capacity: 100M
 Heap Initial Capacity: 100M
 Heap Max Capacity: 2G
 Pre-touch: Disabled
 Parallel Workers: 4
Heap:
 PSYoungGen      total 6144K, used 5049K [0x00000000d5580000, 0x00000000d5d80000, 0x0000000100000000)
  eden space 4096K, 73% used [0x00000000d5580000,0x00000000d5871c58,0x00000000d5980000)
  from space 2048K, 99% used [0x00000000d5b80000,0x00000000d5d7cb00,0x00000000d5d80000)
  to   space 2048K, 0% used [0x00000000d5980000,0x00000000d5980000,0x00000000d5b80000)
 ParOldGen       total 660992K, used 660683K [0x0000000080000000, 0x00000000a8580000, 0x00000000d5580000)
  object space 660992K, 99% used [0x0000000080000000,0x00000000a8532d60,0x00000000a8580000)
 Metaspace       used 63745K, committed 65216K, reserved 1114112K
  class space    used 6505K, committed 7104K, reserved 1048576K
GC Heap History (20 events):
Event: 26.797 GC heap before
{Heap before GC invocations=639 (full 3):
 PSYoungGen      total 6144K, used 5964K [0x00000000d5580000, 0x00000000d5c80000, 0x0000000100000000)
  eden space 5120K, 100% used [0x00000000d5580000,0x00000000d5a80000,0x00000000d5a80000)
  from space 1024K, 82% used [0x00000000d5a80000,0x00000000d5b53008,0x00000000d5b80000)
  to   space 1024K, 0% used [0x00000000d5b80000,0x00000000d5b80000,0x00000000d5c80000)
 ParOldGen       total 653312K, used 652968K [0x0000000080000000, 0x00000000a7e00000, 0x00000000d5580000)
  object space 653312K, 99% used [0x0000000080000000,0x00000000a7daa248,0x00000000a7e00000)
 Metaspace       used 63707K, committed 65152K, reserved 1114112K
  class space    used 6504K, committed 7104K, reserved 1048576K
}
Event: 26.799 GC heap after
{Heap after GC invocations=639 (full 3):
 PSYoungGen      total 6144K, used 736K [0x00000000d5580000, 0x00000000d5c80000, 0x0000000100000000)
  eden space 5120K, 0% used [0x00000000d5580000,0x00000000d5580000,0x00000000d5a80000)
  from space 1024K, 71% used [0x00000000d5b80000,0x00000000d5c38000,0x00000000d5c80000)
  to   space 1024K, 0% used [0x00000000d5a80000,0x00000000d5a80000,0x00000000d5b80000)
 ParOldGen       total 653824K, used 653764K [0x0000000080000000, 0x00000000a7e80000, 0x00000000d5580000)
  object space 653824K, 99% used [0x0000000080000000,0x00000000a7e71250,0x00000000a7e80000)
 Metaspace       used 63707K, committed 65152K, reserved 1114112K
  class space    used 6504K, committed 7104K, reserved 1048576K
}
Event: 26.812 GC heap before
{Heap before GC invocations=640 (full 3):
 PSYoungGen      total 6144K, used 5856K [0x00000000d5580000, 0x00000000d5c80000, 0x0000000100000000)
  eden space 5120K, 100% used [0x00000000d5580000,0x00000000d5a80000,0x00000000d5a80000)
  from space 1024K, 71% used [0x00000000d5b80000,0x00000000d5c38000,0x00000000d5c80000)
  to   space 1024K, 0% used [0x00000000d5a80000,0x00000000d5a80000,0x00000000d5b80000)
 ParOldGen       total 653824K, used 653764K [0x0000000080000000, 0x00000000a7e80000, 0x00000000d5580000)
  object space 653824K, 99% used [0x0000000080000000,0x00000000a7e71250,0x00000000a7e80000)
 Metaspace       used 63707K, committed 65152K, reserved 1114112K
  class space    used 6504K, committed 7104K, reserved 1048576K
}
Event: 26.816 GC heap after
{Heap after GC invocations=640 (full 3):
 PSYoungGen      total 6144K, used 768K [0x00000000d5580000, 0x00000000d5c80000, 0x0000000100000000)
  eden space 5120K, 0% used [0x00000000d5580000,0x00000000d5580000,0x00000000d5a80000)
  from space 1024K, 75% used [0x00000000d5a80000,0x00000000d5b40000,0x00000000d5b80000)
  to   space 1024K, 0% used [0x00000000d5b80000,0x00000000d5b80000,0x00000000d5c80000)
 ParOldGen       total 654848K, used 654444K [0x0000000080000000, 0x00000000a7f80000, 0x00000000d5580000)
  object space 654848K, 99% used [0x0000000080000000,0x00000000a7f1b250,0x00000000a7f80000)
 Metaspace       used 63707K, committed 65152K, reserved 1114112K
  class space    used 6504K, committed 7104K, reserved 1048576K
}
Event: 26.874 GC heap before
{Heap before GC invocations=641 (full 3):
 PSYoungGen      total 6144K, used 5888K [0x00000000d5580000, 0x00000000d5c80000, 0x0000000100000000)
  eden space 5120K, 100% used [0x00000000d5580000,0x00000000d5a80000,0x00000000d5a80000)
  from space 1024K, 75% used [0x00000000d5a80000,0x00000000d5b40000,0x00000000d5b80000)
  to   space 1024K, 0% used [0x00000000d5b80000,0x00000000d5b80000,0x00000000d5c80000)
 ParOldGen       total 654848K, used 654444K [0x0000000080000000, 0x00000000a7f80000, 0x00000000d5580000)
  object space 654848K, 99% used [0x0000000080000000,0x00000000a7f1b250,0x00000000a7f80000)
 Metaspace       used 63707K, committed 65152K, reserved 1114112K
  class space    used 6504K, committed 7104K, reserved 1048576K
}
Event: 26.876 GC heap after
{Heap after GC invocations=641 (full 3):
 PSYoungGen      total 6144K, used 384K [0x00000000d5580000, 0x00000000d5c80000, 0x0000000100000000)
  eden space 5120K, 0% used [0x00000000d5580000,0x00000000d5580000,0x00000000d5a80000)
  from space 1024K, 37% used [0x00000000d5b80000,0x00000000d5be0000,0x00000000d5c80000)
  to   space 1024K, 0% used [0x00000000d5a80000,0x00000000d5a80000,0x00000000d5b80000)
 ParOldGen       total 655360K, used 655164K [0x0000000080000000, 0x00000000a8000000, 0x00000000d5580000)
  object space 655360K, 99% used [0x0000000080000000,0x00000000a7fcf250,0x00000000a8000000)
 Metaspace       used 63707K, committed 65152K, reserved 1114112K
  class space    used 6504K, committed 7104K, reserved 1048576K
}
Event: 26.884 GC heap before
{Heap before GC invocations=642 (full 3):
 PSYoungGen      total 6144K, used 5504K [0x00000000d5580000, 0x00000000d5c80000, 0x0000000100000000)
  eden space 5120K, 100% used [0x00000000d5580000,0x00000000d5a80000,0x00000000d5a80000)
  from space 1024K, 37% used [0x00000000d5b80000,0x00000000d5be0000,0x00000000d5c80000)
  to   space 1024K, 0% used [0x00000000d5a80000,0x00000000d5a80000,0x00000000d5b80000)
 ParOldGen       total 655360K, used 655164K [0x0000000080000000, 0x00000000a8000000, 0x00000000d5580000)
  object space 655360K, 99% used [0x0000000080000000,0x00000000a7fcf250,0x00000000a8000000)
 Metaspace       used 63707K, committed 65152K, reserved 1114112K
  class space    used 6504K, committed 7104K, reserved 1048576K
}
Event: 26.886 GC heap after
{Heap after GC invocations=642 (full 3):
 PSYoungGen      total 6144K, used 539K [0x00000000d5580000, 0x00000000d5c80000, 0x0000000100000000)
  eden space 5120K, 0% used [0x00000000d5580000,0x00000000d5580000,0x00000000d5a80000)
  from space 1024K, 52% used [0x00000000d5a80000,0x00000000d5b06c08,0x00000000d5b80000)
  to   space 1024K, 0% used [0x00000000d5b80000,0x00000000d5b80000,0x00000000d5c80000)
 ParOldGen       total 655872K, used 655508K [0x0000000080000000, 0x00000000a8080000, 0x00000000d5580000)
  object space 655872K, 99% used [0x0000000080000000,0x00000000a80252a0,0x00000000a8080000)
 Metaspace       used 63707K, committed 65152K, reserved 1114112K
  class space    used 6504K, committed 7104K, reserved 1048576K
}
Event: 26.945 GC heap before
{Heap before GC invocations=643 (full 3):
 PSYoungGen      total 6144K, used 5647K [0x00000000d5580000, 0x00000000d5c80000, 0x0000000100000000)
  eden space 5120K, 99% used [0x00000000d5580000,0x00000000d5a7d1c0,0x00000000d5a80000)
  from space 1024K, 52% used [0x00000000d5a80000,0x00000000d5b06c08,0x00000000d5b80000)
  to   space 1024K, 0% used [0x00000000d5b80000,0x00000000d5b80000,0x00000000d5c80000)
 ParOldGen       total 655872K, used 655508K [0x0000000080000000, 0x00000000a8080000, 0x00000000d5580000)
  object space 655872K, 99% used [0x0000000080000000,0x00000000a80252a0,0x00000000a8080000)
 Metaspace       used 63707K, committed 65152K, reserved 1114112K
  class space    used 6504K, committed 7104K, reserved 1048576K
}
Event: 26.946 GC heap after
{Heap after GC invocations=643 (full 3):
 PSYoungGen      total 6144K, used 731K [0x00000000d5580000, 0x00000000d5c80000, 0x0000000100000000)
  eden space 5120K, 0% used [0x00000000d5580000,0x00000000d5580000,0x00000000d5a80000)
  from space 1024K, 71% used [0x00000000d5b80000,0x00000000d5c36c08,0x00000000d5c80000)
  to   space 1024K, 0% used [0x00000000d5a80000,0x00000000d5a80000,0x00000000d5b80000)
 ParOldGen       total 656384K, used 655999K [0x0000000080000000, 0x00000000a8100000, 0x00000000d5580000)
  object space 656384K, 99% used [0x0000000080000000,0x00000000a809fea8,0x00000000a8100000)
 Metaspace       used 63707K, committed 65152K, reserved 1114112K
  class space    used 6504K, committed 7104K, reserved 1048576K
}
Event: 26.977 GC heap before
{Heap before GC invocations=644 (full 3):
 PSYoungGen      total 6144K, used 5851K [0x00000000d5580000, 0x00000000d5c80000, 0x0000000100000000)
  eden space 5120K, 100% used [0x00000000d5580000,0x00000000d5a80000,0x00000000d5a80000)
  from space 1024K, 71% used [0x00000000d5b80000,0x00000000d5c36c08,0x00000000d5c80000)
  to   space 1024K, 0% used [0x00000000d5a80000,0x00000000d5a80000,0x00000000d5b80000)
 ParOldGen       total 656384K, used 655999K [0x0000000080000000, 0x00000000a8100000, 0x00000000d5580000)
  object space 656384K, 99% used [0x0000000080000000,0x00000000a809fea8,0x00000000a8100000)
 Metaspace       used 63708K, committed 65152K, reserved 1114112K
  class space    used 6504K, committed 7104K, reserved 1048576K
}
Event: 26.978 GC heap after
{Heap after GC invocations=644 (full 3):
 PSYoungGen      total 6144K, used 580K [0x00000000d5580000, 0x00000000d5c80000, 0x0000000100000000)
  eden space 5120K, 0% used [0x00000000d5580000,0x00000000d5580000,0x00000000d5a80000)
  from space 1024K, 56% used [0x00000000d5a80000,0x00000000d5b11090,0x00000000d5b80000)
  to   space 1024K, 0% used [0x00000000d5b80000,0x00000000d5b80000,0x00000000d5c80000)
 ParOldGen       total 656384K, used 656119K [0x0000000080000000, 0x00000000a8100000, 0x00000000d5580000)
  object space 656384K, 99% used [0x0000000080000000,0x00000000a80bdea8,0x00000000a8100000)
 Metaspace       used 63708K, committed 65152K, reserved 1114112K
  class space    used 6504K, committed 7104K, reserved 1048576K
}
Event: 26.986 GC heap before
{Heap before GC invocations=645 (full 3):
 PSYoungGen      total 6144K, used 5700K [0x00000000d5580000, 0x00000000d5c80000, 0x0000000100000000)
  eden space 5120K, 100% used [0x00000000d5580000,0x00000000d5a80000,0x00000000d5a80000)
  from space 1024K, 56% used [0x00000000d5a80000,0x00000000d5b11090,0x00000000d5b80000)
  to   space 1024K, 0% used [0x00000000d5b80000,0x00000000d5b80000,0x00000000d5c80000)
 ParOldGen       total 656384K, used 656119K [0x0000000080000000, 0x00000000a8100000, 0x00000000d5580000)
  object space 656384K, 99% used [0x0000000080000000,0x00000000a80bdea8,0x00000000a8100000)
 Metaspace       used 63708K, committed 65152K, reserved 1114112K
  class space    used 6504K, committed 7104K, reserved 1048576K
}
Event: 26.988 GC heap after
{Heap after GC invocations=645 (full 3):
 PSYoungGen      total 6144K, used 672K [0x00000000d5580000, 0x00000000d5c80000, 0x0000000100000000)
  eden space 5120K, 0% used [0x00000000d5580000,0x00000000d5580000,0x00000000d5a80000)
  from space 1024K, 65% used [0x00000000d5b80000,0x00000000d5c28000,0x00000000d5c80000)
  to   space 1024K, 0% used [0x00000000d5a80000,0x00000000d5a80000,0x00000000d5b80000)
 ParOldGen       total 656896K, used 656611K [0x0000000080000000, 0x00000000a8180000, 0x00000000d5580000)
  object space 656896K, 99% used [0x0000000080000000,0x00000000a8138f38,0x00000000a8180000)
 Metaspace       used 63708K, committed 65152K, reserved 1114112K
  class space    used 6504K, committed 7104K, reserved 1048576K
}
Event: 26.996 GC heap before
{Heap before GC invocations=646 (full 3):
 PSYoungGen      total 6144K, used 5791K [0x00000000d5580000, 0x00000000d5c80000, 0x0000000100000000)
  eden space 5120K, 99% used [0x00000000d5580000,0x00000000d5a7ffb0,0x00000000d5a80000)
  from space 1024K, 65% used [0x00000000d5b80000,0x00000000d5c28000,0x00000000d5c80000)
  to   space 1024K, 0% used [0x00000000d5a80000,0x00000000d5a80000,0x00000000d5b80000)
 ParOldGen       total 656896K, used 656611K [0x0000000080000000, 0x00000000a8180000, 0x00000000d5580000)
  object space 656896K, 99% used [0x0000000080000000,0x00000000a8138f38,0x00000000a8180000)
 Metaspace       used 63708K, committed 65152K, reserved 1114112K
  class space    used 6504K, committed 7104K, reserved 1048576K
}
Event: 26.998 GC heap after
{Heap after GC invocations=646 (full 3):
 PSYoungGen      total 6144K, used 726K [0x00000000d5580000, 0x00000000d5c80000, 0x0000000100000000)
  eden space 5120K, 0% used [0x00000000d5580000,0x00000000d5580000,0x00000000d5a80000)
  from space 1024K, 70% used [0x00000000d5a80000,0x00000000d5b35808,0x00000000d5b80000)
  to   space 1024K, 0% used [0x00000000d5b80000,0x00000000d5b80000,0x00000000d5c80000)
 ParOldGen       total 657408K, used 657163K [0x0000000080000000, 0x00000000a8200000, 0x00000000d5580000)
  object space 657408K, 99% used [0x0000000080000000,0x00000000a81c2f38,0x00000000a8200000)
 Metaspace       used 63708K, committed 65152K, reserved 1114112K
  class space    used 6504K, committed 7104K, reserved 1048576K
}
Event: 27.051 GC heap before
{Heap before GC invocations=647 (full 3):
 PSYoungGen      total 6144K, used 5846K [0x00000000d5580000, 0x00000000d5c80000, 0x0000000100000000)
  eden space 5120K, 100% used [0x00000000d5580000,0x00000000d5a80000,0x00000000d5a80000)
  from space 1024K, 70% used [0x00000000d5a80000,0x00000000d5b35808,0x00000000d5b80000)
  to   space 1024K, 0% used [0x00000000d5b80000,0x00000000d5b80000,0x00000000d5c80000)
 ParOldGen       total 657408K, used 657163K [0x0000000080000000, 0x00000000a8200000, 0x00000000d5580000)
  object space 657408K, 99% used [0x0000000080000000,0x00000000a81c2f38,0x00000000a8200000)
 Metaspace       used 63739K, committed 65152K, reserved 1114112K
  class space    used 6504K, committed 7104K, reserved 1048576K
}
Event: 27.055 GC heap after
{Heap after GC invocations=647 (full 3):
 PSYoungGen      total 5120K, used 998K [0x00000000d5580000, 0x00000000d5e80000, 0x0000000100000000)
  eden space 4096K, 0% used [0x00000000d5580000,0x00000000d5580000,0x00000000d5980000)
  from space 1024K, 97% used [0x00000000d5b80000,0x00000000d5c79990,0x00000000d5c80000)
  to   space 2048K, 0% used [0x00000000d5980000,0x00000000d5980000,0x00000000d5b80000)
 ParOldGen       total 658432K, used 658001K [0x0000000080000000, 0x00000000a8300000, 0x00000000d5580000)
  object space 658432K, 99% used [0x0000000080000000,0x00000000a8294740,0x00000000a8300000)
 Metaspace       used 63739K, committed 65152K, reserved 1114112K
  class space    used 6504K, committed 7104K, reserved 1048576K
}
Event: 27.067 GC heap before
{Heap before GC invocations=648 (full 3):
 PSYoungGen      total 5120K, used 5094K [0x00000000d5580000, 0x00000000d5e80000, 0x0000000100000000)
  eden space 4096K, 100% used [0x00000000d5580000,0x00000000d5980000,0x00000000d5980000)
  from space 1024K, 97% used [0x00000000d5b80000,0x00000000d5c79990,0x00000000d5c80000)
  to   space 2048K, 0% used [0x00000000d5980000,0x00000000d5980000,0x00000000d5b80000)
 ParOldGen       total 658432K, used 658001K [0x0000000080000000, 0x00000000a8300000, 0x00000000d5580000)
  object space 658432K, 99% used [0x0000000080000000,0x00000000a8294740,0x00000000a8300000)
 Metaspace       used 63741K, committed 65152K, reserved 1114112K
  class space    used 6504K, committed 7104K, reserved 1048576K
}
Event: 27.070 GC heap after
{Heap after GC invocations=648 (full 3):
 PSYoungGen      total 6144K, used 1408K [0x00000000d5580000, 0x00000000d5d80000, 0x0000000100000000)
  eden space 4096K, 0% used [0x00000000d5580000,0x00000000d5580000,0x00000000d5980000)
  from space 2048K, 68% used [0x00000000d5980000,0x00000000d5ae0000,0x00000000d5b80000)
  to   space 2048K, 0% used [0x00000000d5b80000,0x00000000d5b80000,0x00000000d5d80000)
 ParOldGen       total 659456K, used 658995K [0x0000000080000000, 0x00000000a8400000, 0x00000000d5580000)
  object space 659456K, 99% used [0x0000000080000000,0x00000000a838cd60,0x00000000a8400000)
 Metaspace       used 63741K, committed 65152K, reserved 1114112K
  class space    used 6504K, committed 7104K, reserved 1048576K
}

