# JRE version: OpenJDK Runtime Environment Temurin-21.0.7+6 (21.0.7+6) (build 21.0.7+6-LTS)
# Java VM: OpenJDK 64-Bit Server VM Temurin-21.0.7+6 (21.0.7+6-LTS, mixed mode, sharing, tiered, compressed oops, compressed class ptrs, parallel gc, windows-amd64)
GC Precious Log:
 CardTable entry size: 512
 CPUs: 4 total, 4 available
 Memory: 7979M
 Large Page Support: Disabled
 NUMA Support: Disabled
 Compressed Oops: Enabled (32-bit)
 Alignments: Space 512K, Generation 512K, Heap 2M
 Heap Min Capacity: 100M
 Heap Initial Capacity: 100M
 Heap Max Capacity: 2G
 Pre-touch: Disabled
 Parallel Workers: 4
Heap:
 PSYoungGen      total 8192K, used 6019K [0x00000000d5580000, 0x00000000d5e00000, 0x0000000100000000)
  eden space 7680K, 76% used [0x00000000d5580000,0x00000000d5b38cc0,0x00000000d5d00000)
  from space 512K, 31% used [0x00000000d5d80000,0x00000000d5da8000,0x00000000d5e00000)
  to   space 512K, 0% used [0x00000000d5d00000,0x00000000d5d00000,0x00000000d5d80000)
 ParOldGen       total 714240K, used 713925K [0x0000000080000000, 0x00000000ab980000, 0x00000000d5580000)
  object space 714240K, 99% used [0x0000000080000000,0x00000000ab931520,0x00000000ab980000)
 Metaspace       used 65320K, committed 66816K, reserved 1114112K
  class space    used 6635K, committed 7296K, reserved 1048576K
GC Heap History (20 events):
Event: 31.637 GC heap before
{Heap before GC invocations=863 (full 3):
 PSYoungGen      total 8192K, used 7926K [0x00000000d5580000, 0x00000000d5e00000, 0x0000000100000000)
  eden space 7680K, 100% used [0x00000000d5580000,0x00000000d5d00000,0x00000000d5d00000)
  from space 512K, 48% used [0x00000000d5d00000,0x00000000d5d3d9a8,0x00000000d5d80000)
  to   space 512K, 0% used [0x00000000d5d80000,0x00000000d5d80000,0x00000000d5e00000)
 ParOldGen       total 711680K, used 711194K [0x0000000080000000, 0x00000000ab700000, 0x00000000d5580000)
  object space 711680K, 99% used [0x0000000080000000,0x00000000ab686b90,0x00000000ab700000)
 Metaspace       used 65291K, committed 66816K, reserved 1114112K
  class space    used 6635K, committed 7296K, reserved 1048576K
}
Event: 31.641 GC heap after
{Heap after GC invocations=863 (full 3):
 PSYoungGen      total 8192K, used 387K [0x00000000d5580000, 0x00000000d5e00000, 0x0000000100000000)
  eden space 7680K, 0% used [0x00000000d5580000,0x00000000d5580000,0x00000000d5d00000)
  from space 512K, 75% used [0x00000000d5d80000,0x00000000d5de0ce0,0x00000000d5e00000)
  to   space 512K, 0% used [0x00000000d5d00000,0x00000000d5d00000,0x00000000d5d80000)
 ParOldGen       total 711680K, used 711361K [0x0000000080000000, 0x00000000ab700000, 0x00000000d5580000)
  object space 711680K, 99% used [0x0000000080000000,0x00000000ab6b0538,0x00000000ab700000)
 Metaspace       used 65291K, committed 66816K, reserved 1114112K
  class space    used 6635K, committed 7296K, reserved 1048576K
}
Event: 31.649 GC heap before
{Heap before GC invocations=864 (full 3):
 PSYoungGen      total 8192K, used 8067K [0x00000000d5580000, 0x00000000d5e00000, 0x0000000100000000)
  eden space 7680K, 100% used [0x00000000d5580000,0x00000000d5d00000,0x00000000d5d00000)
  from space 512K, 75% used [0x00000000d5d80000,0x00000000d5de0ce0,0x00000000d5e00000)
  to   space 512K, 0% used [0x00000000d5d00000,0x00000000d5d00000,0x00000000d5d80000)
 ParOldGen       total 711680K, used 711361K [0x0000000080000000, 0x00000000ab700000, 0x00000000d5580000)
  object space 711680K, 99% used [0x0000000080000000,0x00000000ab6b0538,0x00000000ab700000)
 Metaspace       used 65294K, committed 66816K, reserved 1114112K
  class space    used 6635K, committed 7296K, reserved 1048576K
}
Event: 31.651 GC heap after
{Heap after GC invocations=864 (full 3):
 PSYoungGen      total 8192K, used 354K [0x00000000d5580000, 0x00000000d5e00000, 0x0000000100000000)
  eden space 7680K, 0% used [0x00000000d5580000,0x00000000d5580000,0x00000000d5d00000)
  from space 512K, 69% used [0x00000000d5d00000,0x00000000d5d58928,0x00000000d5d80000)
  to   space 512K, 0% used [0x00000000d5d80000,0x00000000d5d80000,0x00000000d5e00000)
 ParOldGen       total 711680K, used 711555K [0x0000000080000000, 0x00000000ab700000, 0x00000000d5580000)
  object space 711680K, 99% used [0x0000000080000000,0x00000000ab6e0f68,0x00000000ab700000)
 Metaspace       used 65294K, committed 66816K, reserved 1114112K
  class space    used 6635K, committed 7296K, reserved 1048576K
}
Event: 31.661 GC heap before
{Heap before GC invocations=865 (full 3):
 PSYoungGen      total 8192K, used 8034K [0x00000000d5580000, 0x00000000d5e00000, 0x0000000100000000)
  eden space 7680K, 100% used [0x00000000d5580000,0x00000000d5d00000,0x00000000d5d00000)
  from space 512K, 69% used [0x00000000d5d00000,0x00000000d5d58928,0x00000000d5d80000)
  to   space 512K, 0% used [0x00000000d5d80000,0x00000000d5d80000,0x00000000d5e00000)
 ParOldGen       total 711680K, used 711555K [0x0000000080000000, 0x00000000ab700000, 0x00000000d5580000)
  object space 711680K, 99% used [0x0000000080000000,0x00000000ab6e0f68,0x00000000ab700000)
 Metaspace       used 65294K, committed 66816K, reserved 1114112K
  class space    used 6635K, committed 7296K, reserved 1048576K
}
Event: 31.664 GC heap after
{Heap after GC invocations=865 (full 3):
 PSYoungGen      total 8192K, used 189K [0x00000000d5580000, 0x00000000d5e00000, 0x0000000100000000)
  eden space 7680K, 0% used [0x00000000d5580000,0x00000000d5580000,0x00000000d5d00000)
  from space 512K, 36% used [0x00000000d5d80000,0x00000000d5daf538,0x00000000d5e00000)
  to   space 512K, 0% used [0x00000000d5d00000,0x00000000d5d00000,0x00000000d5d80000)
 ParOldGen       total 712192K, used 711791K [0x0000000080000000, 0x00000000ab780000, 0x00000000d5580000)
  object space 712192K, 99% used [0x0000000080000000,0x00000000ab71bf80,0x00000000ab780000)
 Metaspace       used 65294K, committed 66816K, reserved 1114112K
  class space    used 6635K, committed 7296K, reserved 1048576K
}
Event: 31.679 GC heap before
{Heap before GC invocations=866 (full 3):
 PSYoungGen      total 8192K, used 7869K [0x00000000d5580000, 0x00000000d5e00000, 0x0000000100000000)
  eden space 7680K, 100% used [0x00000000d5580000,0x00000000d5d00000,0x00000000d5d00000)
  from space 512K, 36% used [0x00000000d5d80000,0x00000000d5daf538,0x00000000d5e00000)
  to   space 512K, 0% used [0x00000000d5d00000,0x00000000d5d00000,0x00000000d5d80000)
 ParOldGen       total 712192K, used 711791K [0x0000000080000000, 0x00000000ab780000, 0x00000000d5580000)
  object space 712192K, 99% used [0x0000000080000000,0x00000000ab71bf80,0x00000000ab780000)
 Metaspace       used 65294K, committed 66816K, reserved 1114112K
  class space    used 6635K, committed 7296K, reserved 1048576K
}
Event: 31.681 GC heap after
{Heap after GC invocations=866 (full 3):
 PSYoungGen      total 8192K, used 423K [0x00000000d5580000, 0x00000000d5e00000, 0x0000000100000000)
  eden space 7680K, 0% used [0x00000000d5580000,0x00000000d5580000,0x00000000d5d00000)
  from space 512K, 82% used [0x00000000d5d00000,0x00000000d5d69ec8,0x00000000d5d80000)
  to   space 512K, 0% used [0x00000000d5d80000,0x00000000d5d80000,0x00000000d5e00000)
 ParOldGen       total 712192K, used 711878K [0x0000000080000000, 0x00000000ab780000, 0x00000000d5580000)
  object space 712192K, 99% used [0x0000000080000000,0x00000000ab731920,0x00000000ab780000)
 Metaspace       used 65294K, committed 66816K, reserved 1114112K
  class space    used 6635K, committed 7296K, reserved 1048576K
}
Event: 31.757 GC heap before
{Heap before GC invocations=867 (full 3):
 PSYoungGen      total 8192K, used 8103K [0x00000000d5580000, 0x00000000d5e00000, 0x0000000100000000)
  eden space 7680K, 100% used [0x00000000d5580000,0x00000000d5d00000,0x00000000d5d00000)
  from space 512K, 82% used [0x00000000d5d00000,0x00000000d5d69ec8,0x00000000d5d80000)
  to   space 512K, 0% used [0x00000000d5d80000,0x00000000d5d80000,0x00000000d5e00000)
 ParOldGen       total 712192K, used 711878K [0x0000000080000000, 0x00000000ab780000, 0x00000000d5580000)
  object space 712192K, 99% used [0x0000000080000000,0x00000000ab731920,0x00000000ab780000)
 Metaspace       used 65294K, committed 66816K, reserved 1114112K
  class space    used 6635K, committed 7296K, reserved 1048576K
}
Event: 31.760 GC heap after
{Heap after GC invocations=867 (full 3):
 PSYoungGen      total 8192K, used 160K [0x00000000d5580000, 0x00000000d5e00000, 0x0000000100000000)
  eden space 7680K, 0% used [0x00000000d5580000,0x00000000d5580000,0x00000000d5d00000)
  from space 512K, 31% used [0x00000000d5d80000,0x00000000d5da8000,0x00000000d5e00000)
  to   space 512K, 0% used [0x00000000d5d00000,0x00000000d5d00000,0x00000000d5d80000)
 ParOldGen       total 712704K, used 712255K [0x0000000080000000, 0x00000000ab800000, 0x00000000d5580000)
  object space 712704K, 99% used [0x0000000080000000,0x00000000ab78ff50,0x00000000ab800000)
 Metaspace       used 65294K, committed 66816K, reserved 1114112K
  class space    used 6635K, committed 7296K, reserved 1048576K
}
Event: 31.795 GC heap before
{Heap before GC invocations=868 (full 3):
 PSYoungGen      total 8192K, used 7840K [0x00000000d5580000, 0x00000000d5e00000, 0x0000000100000000)
  eden space 7680K, 100% used [0x00000000d5580000,0x00000000d5d00000,0x00000000d5d00000)
  from space 512K, 31% used [0x00000000d5d80000,0x00000000d5da8000,0x00000000d5e00000)
  to   space 512K, 0% used [0x00000000d5d00000,0x00000000d5d00000,0x00000000d5d80000)
 ParOldGen       total 712704K, used 712255K [0x0000000080000000, 0x00000000ab800000, 0x00000000d5580000)
  object space 712704K, 99% used [0x0000000080000000,0x00000000ab78ff50,0x00000000ab800000)
 Metaspace       used 65294K, committed 66816K, reserved 1114112K
  class space    used 6635K, committed 7296K, reserved 1048576K
}
Event: 31.798 GC heap after
{Heap after GC invocations=868 (full 3):
 PSYoungGen      total 8192K, used 408K [0x00000000d5580000, 0x00000000d5e00000, 0x0000000100000000)
  eden space 7680K, 0% used [0x00000000d5580000,0x00000000d5580000,0x00000000d5d00000)
  from space 512K, 79% used [0x00000000d5d00000,0x00000000d5d66098,0x00000000d5d80000)
  to   space 512K, 0% used [0x00000000d5d80000,0x00000000d5d80000,0x00000000d5e00000)
 ParOldGen       total 712704K, used 712383K [0x0000000080000000, 0x00000000ab800000, 0x00000000d5580000)
  object space 712704K, 99% used [0x0000000080000000,0x00000000ab7aff50,0x00000000ab800000)
 Metaspace       used 65294K, committed 66816K, reserved 1114112K
  class space    used 6635K, committed 7296K, reserved 1048576K
}
Event: 31.813 GC heap before
{Heap before GC invocations=869 (full 3):
 PSYoungGen      total 8192K, used 8088K [0x00000000d5580000, 0x00000000d5e00000, 0x0000000100000000)
  eden space 7680K, 100% used [0x00000000d5580000,0x00000000d5d00000,0x00000000d5d00000)
  from space 512K, 79% used [0x00000000d5d00000,0x00000000d5d66098,0x00000000d5d80000)
  to   space 512K, 0% used [0x00000000d5d80000,0x00000000d5d80000,0x00000000d5e00000)
 ParOldGen       total 712704K, used 712383K [0x0000000080000000, 0x00000000ab800000, 0x00000000d5580000)
  object space 712704K, 99% used [0x0000000080000000,0x00000000ab7aff50,0x00000000ab800000)
 Metaspace       used 65294K, committed 66816K, reserved 1114112K
  class space    used 6635K, committed 7296K, reserved 1048576K
}
Event: 31.815 GC heap after
{Heap after GC invocations=869 (full 3):
 PSYoungGen      total 8192K, used 358K [0x00000000d5580000, 0x00000000d5e00000, 0x0000000100000000)
  eden space 7680K, 0% used [0x00000000d5580000,0x00000000d5580000,0x00000000d5d00000)
  from space 512K, 69% used [0x00000000d5d80000,0x00000000d5dd9830,0x00000000d5e00000)
  to   space 512K, 0% used [0x00000000d5d00000,0x00000000d5d00000,0x00000000d5d80000)
 ParOldGen       total 712704K, used 712567K [0x0000000080000000, 0x00000000ab800000, 0x00000000d5580000)
  object space 712704K, 99% used [0x0000000080000000,0x00000000ab7ddf50,0x00000000ab800000)
 Metaspace       used 65294K, committed 66816K, reserved 1114112K
  class space    used 6635K, committed 7296K, reserved 1048576K
}
Event: 31.827 GC heap before
{Heap before GC invocations=870 (full 3):
 PSYoungGen      total 8192K, used 8038K [0x00000000d5580000, 0x00000000d5e00000, 0x0000000100000000)
  eden space 7680K, 100% used [0x00000000d5580000,0x00000000d5d00000,0x00000000d5d00000)
  from space 512K, 69% used [0x00000000d5d80000,0x00000000d5dd9830,0x00000000d5e00000)
  to   space 512K, 0% used [0x00000000d5d00000,0x00000000d5d00000,0x00000000d5d80000)
 ParOldGen       total 712704K, used 712567K [0x0000000080000000, 0x00000000ab800000, 0x00000000d5580000)
  object space 712704K, 99% used [0x0000000080000000,0x00000000ab7ddf50,0x00000000ab800000)
 Metaspace       used 65294K, committed 66816K, reserved 1114112K
  class space    used 6635K, committed 7296K, reserved 1048576K
}
Event: 31.830 GC heap after
{Heap after GC invocations=870 (full 3):
 PSYoungGen      total 8192K, used 160K [0x00000000d5580000, 0x00000000d5e00000, 0x0000000100000000)
  eden space 7680K, 0% used [0x00000000d5580000,0x00000000d5580000,0x00000000d5d00000)
  from space 512K, 31% used [0x00000000d5d00000,0x00000000d5d28000,0x00000000d5d80000)
  to   space 512K, 0% used [0x00000000d5d80000,0x00000000d5d80000,0x00000000d5e00000)
 ParOldGen       total 713216K, used 712851K [0x0000000080000000, 0x00000000ab880000, 0x00000000d5580000)
  object space 713216K, 99% used [0x0000000080000000,0x00000000ab824c28,0x00000000ab880000)
 Metaspace       used 65294K, committed 66816K, reserved 1114112K
  class space    used 6635K, committed 7296K, reserved 1048576K
}
Event: 31.851 GC heap before
{Heap before GC invocations=871 (full 3):
 PSYoungGen      total 8192K, used 7839K [0x00000000d5580000, 0x00000000d5e00000, 0x0000000100000000)
  eden space 7680K, 99% used [0x00000000d5580000,0x00000000d5cffff8,0x00000000d5d00000)
  from space 512K, 31% used [0x00000000d5d00000,0x00000000d5d28000,0x00000000d5d80000)
  to   space 512K, 0% used [0x00000000d5d80000,0x00000000d5d80000,0x00000000d5e00000)
 ParOldGen       total 713216K, used 712851K [0x0000000080000000, 0x00000000ab880000, 0x00000000d5580000)
  object space 713216K, 99% used [0x0000000080000000,0x00000000ab824c28,0x00000000ab880000)
 Metaspace       used 65295K, committed 66816K, reserved 1114112K
  class space    used 6635K, committed 7296K, reserved 1048576K
}
Event: 31.853 GC heap after
{Heap after GC invocations=871 (full 3):
 PSYoungGen      total 8192K, used 357K [0x00000000d5580000, 0x00000000d5e00000, 0x0000000100000000)
  eden space 7680K, 0% used [0x00000000d5580000,0x00000000d5580000,0x00000000d5d00000)
  from space 512K, 69% used [0x00000000d5d80000,0x00000000d5dd97e0,0x00000000d5e00000)
  to   space 512K, 0% used [0x00000000d5d00000,0x00000000d5d00000,0x00000000d5d80000)
 ParOldGen       total 713216K, used 712923K [0x0000000080000000, 0x00000000ab880000, 0x00000000d5580000)
  object space 713216K, 99% used [0x0000000080000000,0x00000000ab836c28,0x00000000ab880000)
 Metaspace       used 65295K, committed 66816K, reserved 1114112K
  class space    used 6635K, committed 7296K, reserved 1048576K
}
Event: 31.883 GC heap before
{Heap before GC invocations=872 (full 3):
 PSYoungGen      total 8192K, used 8037K [0x00000000d5580000, 0x00000000d5e00000, 0x0000000100000000)
  eden space 7680K, 100% used [0x00000000d5580000,0x00000000d5d00000,0x00000000d5d00000)
  from space 512K, 69% used [0x00000000d5d80000,0x00000000d5dd97e0,0x00000000d5e00000)
  to   space 512K, 0% used [0x00000000d5d00000,0x00000000d5d00000,0x00000000d5d80000)
 ParOldGen       total 713216K, used 712923K [0x0000000080000000, 0x00000000ab880000, 0x00000000d5580000)
  object space 713216K, 99% used [0x0000000080000000,0x00000000ab836c28,0x00000000ab880000)
 Metaspace       used 65295K, committed 66816K, reserved 1114112K
  class space    used 6635K, committed 7296K, reserved 1048576K
}
Event: 31.885 GC heap after
{Heap after GC invocations=872 (full 3):
 PSYoungGen      total 8192K, used 192K [0x00000000d5580000, 0x00000000d5e00000, 0x0000000100000000)
  eden space 7680K, 0% used [0x00000000d5580000,0x00000000d5580000,0x00000000d5d00000)
  from space 512K, 37% used [0x00000000d5d00000,0x00000000d5d30000,0x00000000d5d80000)
  to   space 512K, 0% used [0x00000000d5d80000,0x00000000d5d80000,0x00000000d5e00000)
 ParOldGen       total 713216K, used 713179K [0x0000000080000000, 0x00000000ab880000, 0x00000000d5580000)
  object space 713216K, 99% used [0x0000000080000000,0x00000000ab876ea8,0x00000000ab880000)
 Metaspace       used 65295K, committed 66816K, reserved 1114112K
  class space    used 6635K, committed 7296K, reserved 1048576K
}

