# JRE version: OpenJDK Runtime Environment Temurin-21.0.7+6 (21.0.7+6) (build 21.0.7+6-LTS)
# Java VM: OpenJDK 64-Bit Server VM Temurin-21.0.7+6 (21.0.7+6-LTS, mixed mode, sharing, tiered, compressed oops, compressed class ptrs, parallel gc, windows-amd64)
GC Precious Log:
 CardTable entry size: 512
 CPUs: 4 total, 4 available
 Memory: 7979M
 Large Page Support: Disabled
 NUMA Support: Disabled
 Compressed Oops: Enabled (32-bit)
 Alignments: Space 512K, Generation 512K, Heap 2M
 Heap Min Capacity: 100M
 Heap Initial Capacity: 100M
 Heap Max Capacity: 2G
 Pre-touch: Disabled
 Parallel Workers: 4
Heap:
 PSYoungGen      total 2560K, used 2541K [0x00000000d5580000, 0x00000000d5900000, 0x0000000100000000)
  eden space 2048K, 100% used [0x00000000d5580000,0x00000000d5780000,0x00000000d5780000)
  from space 512K, 96% used [0x00000000d5880000,0x00000000d58fb508,0x00000000d5900000)
  to   space 512K, 65% used [0x00000000d5800000,0x00000000d58543b8,0x00000000d5880000)
 ParOldGen       total 401408K, used 401222K [0x0000000080000000, 0x0000000098800000, 0x00000000d5580000)
  object space 401408K, 99% used [0x0000000080000000,0x00000000987d1810,0x0000000098800000)
 Metaspace       used 53802K, committed 55104K, reserved 1114112K
  class space    used 5657K, committed 6272K, reserved 1048576K
GC Heap History (20 events):
Event: 39.692 GC heap before
{Heap before GC invocations=335 (full 2):
 PSYoungGen      total 2048K, used 1791K [0x00000000d5580000, 0x00000000d5900000, 0x0000000100000000)
  eden space 1536K, 98% used [0x00000000d5580000,0x00000000d56f8c30,0x00000000d5700000)
  from space 512K, 55% used [0x00000000d5880000,0x00000000d58c7338,0x00000000d5900000)
  to   space 512K, 0% used [0x00000000d5800000,0x00000000d5800000,0x00000000d5880000)
 ParOldGen       total 398848K, used 398719K [0x0000000080000000, 0x0000000098580000, 0x00000000d5580000)
  object space 398848K, 99% used [0x0000000080000000,0x000000009855ff08,0x0000000098580000)
 Metaspace       used 53235K, committed 54592K, reserved 1114112K
  class space    used 5606K, committed 6208K, reserved 1048576K
}
Event: 39.694 GC heap after
{Heap after GC invocations=335 (full 2):
 PSYoungGen      total 2048K, used 224K [0x00000000d5580000, 0x00000000d5900000, 0x0000000100000000)
  eden space 1536K, 0% used [0x00000000d5580000,0x00000000d5580000,0x00000000d5700000)
  from space 512K, 43% used [0x00000000d5800000,0x00000000d5838000,0x00000000d5880000)
  to   space 512K, 0% used [0x00000000d5880000,0x00000000d5880000,0x00000000d5900000)
 ParOldGen       total 399360K, used 398909K [0x0000000080000000, 0x0000000098600000, 0x00000000d5580000)
  object space 399360K, 99% used [0x0000000080000000,0x000000009858f718,0x0000000098600000)
 Metaspace       used 53235K, committed 54592K, reserved 1114112K
  class space    used 5606K, committed 6208K, reserved 1048576K
}
Event: 39.704 GC heap before
{Heap before GC invocations=336 (full 2):
 PSYoungGen      total 2048K, used 1749K [0x00000000d5580000, 0x00000000d5900000, 0x0000000100000000)
  eden space 1536K, 99% used [0x00000000d5580000,0x00000000d56fd708,0x00000000d5700000)
  from space 512K, 43% used [0x00000000d5800000,0x00000000d5838000,0x00000000d5880000)
  to   space 512K, 0% used [0x00000000d5880000,0x00000000d5880000,0x00000000d5900000)
 ParOldGen       total 399360K, used 398909K [0x0000000080000000, 0x0000000098600000, 0x00000000d5580000)
  object space 399360K, 99% used [0x0000000080000000,0x000000009858f718,0x0000000098600000)
 Metaspace       used 53297K, committed 54656K, reserved 1114112K
  class space    used 5611K, committed 6208K, reserved 1048576K
}
Event: 39.706 GC heap after
{Heap after GC invocations=336 (full 2):
 PSYoungGen      total 2048K, used 192K [0x00000000d5580000, 0x00000000d5900000, 0x0000000100000000)
  eden space 1536K, 0% used [0x00000000d5580000,0x00000000d5580000,0x00000000d5700000)
  from space 512K, 37% used [0x00000000d5880000,0x00000000d58b0000,0x00000000d5900000)
  to   space 512K, 0% used [0x00000000d5800000,0x00000000d5800000,0x00000000d5880000)
 ParOldGen       total 399360K, used 399029K [0x0000000080000000, 0x0000000098600000, 0x00000000d5580000)
  object space 399360K, 99% used [0x0000000080000000,0x00000000985ad718,0x0000000098600000)
 Metaspace       used 53297K, committed 54656K, reserved 1114112K
  class space    used 5611K, committed 6208K, reserved 1048576K
}
Event: 39.729 GC heap before
{Heap before GC invocations=337 (full 2):
 PSYoungGen      total 2048K, used 1728K [0x00000000d5580000, 0x00000000d5900000, 0x0000000100000000)
  eden space 1536K, 100% used [0x00000000d5580000,0x00000000d5700000,0x00000000d5700000)
  from space 512K, 37% used [0x00000000d5880000,0x00000000d58b0000,0x00000000d5900000)
  to   space 512K, 0% used [0x00000000d5800000,0x00000000d5800000,0x00000000d5880000)
 ParOldGen       total 399360K, used 399029K [0x0000000080000000, 0x0000000098600000, 0x00000000d5580000)
  object space 399360K, 99% used [0x0000000080000000,0x00000000985ad718,0x0000000098600000)
 Metaspace       used 53325K, committed 54656K, reserved 1114112K
  class space    used 5614K, committed 6208K, reserved 1048576K
}
Event: 39.731 GC heap after
{Heap after GC invocations=337 (full 2):
 PSYoungGen      total 2048K, used 256K [0x00000000d5580000, 0x00000000d5900000, 0x0000000100000000)
  eden space 1536K, 0% used [0x00000000d5580000,0x00000000d5580000,0x00000000d5700000)
  from space 512K, 50% used [0x00000000d5800000,0x00000000d5840000,0x00000000d5880000)
  to   space 512K, 0% used [0x00000000d5880000,0x00000000d5880000,0x00000000d5900000)
 ParOldGen       total 399360K, used 399149K [0x0000000080000000, 0x0000000098600000, 0x00000000d5580000)
  object space 399360K, 99% used [0x0000000080000000,0x00000000985cb718,0x0000000098600000)
 Metaspace       used 53325K, committed 54656K, reserved 1114112K
  class space    used 5614K, committed 6208K, reserved 1048576K
}
Event: 39.741 GC heap before
{Heap before GC invocations=338 (full 2):
 PSYoungGen      total 2048K, used 1792K [0x00000000d5580000, 0x00000000d5900000, 0x0000000100000000)
  eden space 1536K, 100% used [0x00000000d5580000,0x00000000d5700000,0x00000000d5700000)
  from space 512K, 50% used [0x00000000d5800000,0x00000000d5840000,0x00000000d5880000)
  to   space 512K, 0% used [0x00000000d5880000,0x00000000d5880000,0x00000000d5900000)
 ParOldGen       total 399360K, used 399153K [0x0000000080000000, 0x0000000098600000, 0x00000000d5580000)
  object space 399360K, 99% used [0x0000000080000000,0x00000000985cc438,0x0000000098600000)
 Metaspace       used 53335K, committed 54656K, reserved 1114112K
  class space    used 5617K, committed 6208K, reserved 1048576K
}
Event: 39.745 GC heap after
{Heap after GC invocations=338 (full 2):
 PSYoungGen      total 2048K, used 288K [0x00000000d5580000, 0x00000000d5900000, 0x0000000100000000)
  eden space 1536K, 0% used [0x00000000d5580000,0x00000000d5580000,0x00000000d5700000)
  from space 512K, 56% used [0x00000000d5880000,0x00000000d58c8010,0x00000000d5900000)
  to   space 512K, 0% used [0x00000000d5800000,0x00000000d5800000,0x00000000d5880000)
 ParOldGen       total 399360K, used 399310K [0x0000000080000000, 0x0000000098600000, 0x00000000d5580000)
  object space 399360K, 99% used [0x0000000080000000,0x00000000985f3a40,0x0000000098600000)
 Metaspace       used 53335K, committed 54656K, reserved 1114112K
  class space    used 5617K, committed 6208K, reserved 1048576K
}
Event: 39.770 GC heap before
{Heap before GC invocations=339 (full 2):
 PSYoungGen      total 2048K, used 1824K [0x00000000d5580000, 0x00000000d5900000, 0x0000000100000000)
  eden space 1536K, 100% used [0x00000000d5580000,0x00000000d5700000,0x00000000d5700000)
  from space 512K, 56% used [0x00000000d5880000,0x00000000d58c8010,0x00000000d5900000)
  to   space 512K, 0% used [0x00000000d5800000,0x00000000d5800000,0x00000000d5880000)
 ParOldGen       total 399360K, used 399329K [0x0000000080000000, 0x0000000098600000, 0x00000000d5580000)
  object space 399360K, 99% used [0x0000000080000000,0x00000000985f8610,0x0000000098600000)
 Metaspace       used 53400K, committed 54720K, reserved 1114112K
  class space    used 5624K, committed 6208K, reserved 1048576K
}
Event: 39.773 GC heap after
{Heap after GC invocations=339 (full 2):
 PSYoungGen      total 2048K, used 128K [0x00000000d5580000, 0x00000000d5900000, 0x0000000100000000)
  eden space 1536K, 0% used [0x00000000d5580000,0x00000000d5580000,0x00000000d5700000)
  from space 512K, 25% used [0x00000000d5800000,0x00000000d5820000,0x00000000d5880000)
  to   space 512K, 0% used [0x00000000d5880000,0x00000000d5880000,0x00000000d5900000)
 ParOldGen       total 399872K, used 399465K [0x0000000080000000, 0x0000000098680000, 0x00000000d5580000)
  object space 399872K, 99% used [0x0000000080000000,0x000000009861a610,0x0000000098680000)
 Metaspace       used 53400K, committed 54720K, reserved 1114112K
  class space    used 5624K, committed 6208K, reserved 1048576K
}
Event: 39.977 GC heap before
{Heap before GC invocations=340 (full 2):
 PSYoungGen      total 2048K, used 1658K [0x00000000d5580000, 0x00000000d5900000, 0x0000000100000000)
  eden space 1536K, 99% used [0x00000000d5580000,0x00000000d56feb58,0x00000000d5700000)
  from space 512K, 25% used [0x00000000d5800000,0x00000000d5820000,0x00000000d5880000)
  to   space 512K, 0% used [0x00000000d5880000,0x00000000d5880000,0x00000000d5900000)
 ParOldGen       total 399872K, used 399465K [0x0000000080000000, 0x0000000098680000, 0x00000000d5580000)
  object space 399872K, 99% used [0x0000000080000000,0x000000009861a610,0x0000000098680000)
 Metaspace       used 53499K, committed 54784K, reserved 1114112K
  class space    used 5626K, committed 6208K, reserved 1048576K
}
Event: 39.983 GC heap after
{Heap after GC invocations=340 (full 2):
 PSYoungGen      total 2048K, used 187K [0x00000000d5580000, 0x00000000d5900000, 0x0000000100000000)
  eden space 1536K, 0% used [0x00000000d5580000,0x00000000d5580000,0x00000000d5700000)
  from space 512K, 36% used [0x00000000d5880000,0x00000000d58aec08,0x00000000d5900000)
  to   space 512K, 0% used [0x00000000d5800000,0x00000000d5800000,0x00000000d5880000)
 ParOldGen       total 399872K, used 399529K [0x0000000080000000, 0x0000000098680000, 0x00000000d5580000)
  object space 399872K, 99% used [0x0000000080000000,0x000000009862a610,0x0000000098680000)
 Metaspace       used 53499K, committed 54784K, reserved 1114112K
  class space    used 5626K, committed 6208K, reserved 1048576K
}
Event: 39.988 GC heap before
{Heap before GC invocations=341 (full 2):
 PSYoungGen      total 2048K, used 1712K [0x00000000d5580000, 0x00000000d5900000, 0x0000000100000000)
  eden space 1536K, 99% used [0x00000000d5580000,0x00000000d56fd5d0,0x00000000d5700000)
  from space 512K, 36% used [0x00000000d5880000,0x00000000d58aec08,0x00000000d5900000)
  to   space 512K, 0% used [0x00000000d5800000,0x00000000d5800000,0x00000000d5880000)
 ParOldGen       total 399872K, used 399529K [0x0000000080000000, 0x0000000098680000, 0x00000000d5580000)
  object space 399872K, 99% used [0x0000000080000000,0x000000009862a610,0x0000000098680000)
 Metaspace       used 53499K, committed 54784K, reserved 1114112K
  class space    used 5626K, committed 6208K, reserved 1048576K
}
Event: 39.992 GC heap after
{Heap after GC invocations=341 (full 2):
 PSYoungGen      total 2048K, used 288K [0x00000000d5580000, 0x00000000d5900000, 0x0000000100000000)
  eden space 1536K, 0% used [0x00000000d5580000,0x00000000d5580000,0x00000000d5700000)
  from space 512K, 56% used [0x00000000d5800000,0x00000000d5848000,0x00000000d5880000)
  to   space 512K, 0% used [0x00000000d5880000,0x00000000d5880000,0x00000000d5900000)
 ParOldGen       total 399872K, used 399660K [0x0000000080000000, 0x0000000098680000, 0x00000000d5580000)
  object space 399872K, 99% used [0x0000000080000000,0x000000009864b218,0x0000000098680000)
 Metaspace       used 53499K, committed 54784K, reserved 1114112K
  class space    used 5626K, committed 6208K, reserved 1048576K
}
Event: 39.999 GC heap before
{Heap before GC invocations=342 (full 2):
 PSYoungGen      total 2048K, used 1823K [0x00000000d5580000, 0x00000000d5900000, 0x0000000100000000)
  eden space 1536K, 99% used [0x00000000d5580000,0x00000000d56fffe8,0x00000000d5700000)
  from space 512K, 56% used [0x00000000d5800000,0x00000000d5848000,0x00000000d5880000)
  to   space 512K, 0% used [0x00000000d5880000,0x00000000d5880000,0x00000000d5900000)
 ParOldGen       total 399872K, used 399660K [0x0000000080000000, 0x0000000098680000, 0x00000000d5580000)
  object space 399872K, 99% used [0x0000000080000000,0x000000009864b218,0x0000000098680000)
 Metaspace       used 53499K, committed 54784K, reserved 1114112K
  class space    used 5626K, committed 6208K, reserved 1048576K
}
Event: 40.001 GC heap after
{Heap after GC invocations=342 (full 2):
 PSYoungGen      total 2560K, used 256K [0x00000000d5580000, 0x00000000d5900000, 0x0000000100000000)
  eden space 2048K, 0% used [0x00000000d5580000,0x00000000d5580000,0x00000000d5780000)
  from space 512K, 50% used [0x00000000d5880000,0x00000000d58c0000,0x00000000d5900000)
  to   space 512K, 0% used [0x00000000d5800000,0x00000000d5800000,0x00000000d5880000)
 ParOldGen       total 399872K, used 399844K [0x0000000080000000, 0x0000000098680000, 0x00000000d5580000)
  object space 399872K, 99% used [0x0000000080000000,0x0000000098679218,0x0000000098680000)
 Metaspace       used 53499K, committed 54784K, reserved 1114112K
  class space    used 5626K, committed 6208K, reserved 1048576K
}
Event: 40.008 GC heap before
{Heap before GC invocations=343 (full 2):
 PSYoungGen      total 2560K, used 2303K [0x00000000d5580000, 0x00000000d5900000, 0x0000000100000000)
  eden space 2048K, 99% used [0x00000000d5580000,0x00000000d577fdd8,0x00000000d5780000)
  from space 512K, 50% used [0x00000000d5880000,0x00000000d58c0000,0x00000000d5900000)
  to   space 512K, 0% used [0x00000000d5800000,0x00000000d5800000,0x00000000d5880000)
 ParOldGen       total 399872K, used 399844K [0x0000000080000000, 0x0000000098680000, 0x00000000d5580000)
  object space 399872K, 99% used [0x0000000080000000,0x0000000098679218,0x0000000098680000)
 Metaspace       used 53499K, committed 54784K, reserved 1114112K
  class space    used 5626K, committed 6208K, reserved 1048576K
}
Event: 40.009 GC heap after
{Heap after GC invocations=343 (full 2):
 PSYoungGen      total 2560K, used 352K [0x00000000d5580000, 0x00000000d5900000, 0x0000000100000000)
  eden space 2048K, 0% used [0x00000000d5580000,0x00000000d5580000,0x00000000d5780000)
  from space 512K, 68% used [0x00000000d5800000,0x00000000d5858000,0x00000000d5880000)
  to   space 512K, 0% used [0x00000000d5880000,0x00000000d5880000,0x00000000d5900000)
 ParOldGen       total 400384K, used 400036K [0x0000000080000000, 0x0000000098700000, 0x00000000d5580000)
  object space 400384K, 99% used [0x0000000080000000,0x00000000986a9218,0x0000000098700000)
 Metaspace       used 53499K, committed 54784K, reserved 1114112K
  class space    used 5626K, committed 6208K, reserved 1048576K
}
Event: 40.157 GC heap before
{Heap before GC invocations=344 (full 2):
 PSYoungGen      total 2560K, used 2400K [0x00000000d5580000, 0x00000000d5900000, 0x0000000100000000)
  eden space 2048K, 100% used [0x00000000d5580000,0x00000000d5780000,0x00000000d5780000)
  from space 512K, 68% used [0x00000000d5800000,0x00000000d5858000,0x00000000d5880000)
  to   space 512K, 0% used [0x00000000d5880000,0x00000000d5880000,0x00000000d5900000)
 ParOldGen       total 400384K, used 400036K [0x0000000080000000, 0x0000000098700000, 0x00000000d5580000)
  object space 400384K, 99% used [0x0000000080000000,0x00000000986a9218,0x0000000098700000)
 Metaspace       used 53775K, committed 55040K, reserved 1114112K
  class space    used 5650K, committed 6208K, reserved 1048576K
}
Event: 40.160 GC heap after
{Heap after GC invocations=344 (full 2):
 PSYoungGen      total 2560K, used 214K [0x00000000d5580000, 0x00000000d5900000, 0x0000000100000000)
  eden space 2048K, 0% used [0x00000000d5580000,0x00000000d5580000,0x00000000d5780000)
  from space 512K, 41% used [0x00000000d5880000,0x00000000d58b5808,0x00000000d5900000)
  to   space 512K, 0% used [0x00000000d5800000,0x00000000d5800000,0x00000000d5880000)
 ParOldGen       total 400384K, used 400324K [0x0000000080000000, 0x0000000098700000, 0x00000000d5580000)
  object space 400384K, 99% used [0x0000000080000000,0x00000000986f1218,0x0000000098700000)
 Metaspace       used 53775K, committed 55040K, reserved 1114112K
  class space    used 5650K, committed 6208K, reserved 1048576K
}

