# JRE version: OpenJDK Runtime Environment Temurin-21.0.7+6 (21.0.7+6) (build 21.0.7+6-LTS)
# Java VM: OpenJDK 64-Bit Server VM Temurin-21.0.7+6 (21.0.7+6-LTS, mixed mode, sharing, tiered, compressed oops, compressed class ptrs, parallel gc, windows-amd64)
GC Precious Log:
 CardTable entry size: 512
 CPUs: 4 total, 4 available
 Memory: 7979M
 Large Page Support: Disabled
 NUMA Support: Disabled
 Compressed Oops: Enabled (32-bit)
 Alignments: Space 512K, Generation 512K, Heap 2M
 Heap Min Capacity: 100M
 Heap Initial Capacity: 100M
 Heap Max Capacity: 2G
 Pre-touch: Disabled
 Parallel Workers: 4
Heap:
 PSYoungGen      total 9216K, used 9110K [0x00000000d5580000, 0x00000000d6200000, 0x0000000100000000)
  eden space 8192K, 100% used [0x00000000d5580000,0x00000000d5d80000,0x00000000d5d80000)
  from space 1024K, 89% used [0x00000000d6100000,0x00000000d61e5808,0x00000000d6200000)
  to   space 1024K, 91% used [0x00000000d6000000,0x00000000d60ea000,0x00000000d6100000)
 ParOldGen       total 310272K, used 309899K [0x0000000080000000, 0x0000000092f00000, 0x00000000d5580000)
  object space 310272K, 99% used [0x0000000080000000,0x0000000092ea2ea8,0x0000000092f00000)
 Metaspace       used 64129K, committed 65600K, reserved 1114112K
  class space    used 6541K, committed 7168K, reserved 1048576K
GC Heap History (20 events):
Event: 18.045 GC heap after
{Heap after GC invocations=203 (full 4):
 PSYoungGen      total 8192K, used 2025K [0x00000000d5580000, 0x00000000d6500000, 0x0000000100000000)
  eden space 6144K, 0% used [0x00000000d5580000,0x00000000d5580000,0x00000000d5b80000)
  from space 2048K, 98% used [0x00000000d5b80000,0x00000000d5d7a4f0,0x00000000d5d80000)
  to   space 4096K, 0% used [0x00000000d6100000,0x00000000d6100000,0x00000000d6500000)
 ParOldGen       total 292352K, used 286657K [0x0000000080000000, 0x0000000091d80000, 0x00000000d5580000)
  object space 292352K, 98% used [0x0000000080000000,0x00000000917f0690,0x0000000091d80000)
 Metaspace       used 64030K, committed 65472K, reserved 1114112K
  class space    used 6536K, committed 7168K, reserved 1048576K
}
Event: 18.054 GC heap before
{Heap before GC invocations=204 (full 4):
 PSYoungGen      total 8192K, used 8169K [0x00000000d5580000, 0x00000000d6500000, 0x0000000100000000)
  eden space 6144K, 100% used [0x00000000d5580000,0x00000000d5b80000,0x00000000d5b80000)
  from space 2048K, 98% used [0x00000000d5b80000,0x00000000d5d7a4f0,0x00000000d5d80000)
  to   space 4096K, 0% used [0x00000000d6100000,0x00000000d6100000,0x00000000d6500000)
 ParOldGen       total 292352K, used 286657K [0x0000000080000000, 0x0000000091d80000, 0x00000000d5580000)
  object space 292352K, 98% used [0x0000000080000000,0x00000000917f0690,0x0000000091d80000)
 Metaspace       used 64030K, committed 65472K, reserved 1114112K
  class space    used 6536K, committed 7168K, reserved 1048576K
}
Event: 18.055 GC heap after
{Heap after GC invocations=204 (full 4):
 PSYoungGen      total 10240K, used 2218K [0x00000000d5580000, 0x00000000d6380000, 0x0000000100000000)
  eden space 7680K, 0% used [0x00000000d5580000,0x00000000d5580000,0x00000000d5d00000)
  from space 2560K, 86% used [0x00000000d6100000,0x00000000d632aa68,0x00000000d6380000)
  to   space 3072K, 0% used [0x00000000d5d80000,0x00000000d5d80000,0x00000000d6080000)
 ParOldGen       total 292352K, used 288552K [0x0000000080000000, 0x0000000091d80000, 0x00000000d5580000)
  object space 292352K, 98% used [0x0000000080000000,0x00000000919ca248,0x0000000091d80000)
 Metaspace       used 64030K, committed 65472K, reserved 1114112K
  class space    used 6536K, committed 7168K, reserved 1048576K
}
Event: 18.060 GC heap before
{Heap before GC invocations=205 (full 4):
 PSYoungGen      total 10240K, used 9898K [0x00000000d5580000, 0x00000000d6380000, 0x0000000100000000)
  eden space 7680K, 100% used [0x00000000d5580000,0x00000000d5d00000,0x00000000d5d00000)
  from space 2560K, 86% used [0x00000000d6100000,0x00000000d632aa68,0x00000000d6380000)
  to   space 3072K, 0% used [0x00000000d5d80000,0x00000000d5d80000,0x00000000d6080000)
 ParOldGen       total 292352K, used 288552K [0x0000000080000000, 0x0000000091d80000, 0x00000000d5580000)
  object space 292352K, 98% used [0x0000000080000000,0x00000000919ca248,0x0000000091d80000)
 Metaspace       used 64030K, committed 65472K, reserved 1114112K
  class space    used 6536K, committed 7168K, reserved 1048576K
}
Event: 18.062 GC heap after
{Heap after GC invocations=205 (full 4):
 PSYoungGen      total 11264K, used 2964K [0x00000000d5580000, 0x00000000d6580000, 0x0000000100000000)
  eden space 8192K, 0% used [0x00000000d5580000,0x00000000d5580000,0x00000000d5d80000)
  from space 3072K, 96% used [0x00000000d5d80000,0x00000000d6065188,0x00000000d6080000)
  to   space 3584K, 0% used [0x00000000d6200000,0x00000000d6200000,0x00000000d6580000)
 ParOldGen       total 292352K, used 290705K [0x0000000080000000, 0x0000000091d80000, 0x00000000d5580000)
  object space 292352K, 99% used [0x0000000080000000,0x0000000091be4650,0x0000000091d80000)
 Metaspace       used 64030K, committed 65472K, reserved 1114112K
  class space    used 6536K, committed 7168K, reserved 1048576K
}
Event: 18.068 GC heap before
{Heap before GC invocations=206 (full 4):
 PSYoungGen      total 11264K, used 11156K [0x00000000d5580000, 0x00000000d6580000, 0x0000000100000000)
  eden space 8192K, 100% used [0x00000000d5580000,0x00000000d5d80000,0x00000000d5d80000)
  from space 3072K, 96% used [0x00000000d5d80000,0x00000000d6065188,0x00000000d6080000)
  to   space 3584K, 0% used [0x00000000d6200000,0x00000000d6200000,0x00000000d6580000)
 ParOldGen       total 292352K, used 290705K [0x0000000080000000, 0x0000000091d80000, 0x00000000d5580000)
  object space 292352K, 99% used [0x0000000080000000,0x0000000091be4650,0x0000000091d80000)
 Metaspace       used 64030K, committed 65472K, reserved 1114112K
  class space    used 6536K, committed 7168K, reserved 1048576K
}
Event: 18.070 GC heap after
{Heap after GC invocations=206 (full 4):
 PSYoungGen      total 12800K, used 3133K [0x00000000d5580000, 0x00000000d6680000, 0x0000000100000000)
  eden space 9216K, 0% used [0x00000000d5580000,0x00000000d5580000,0x00000000d5e80000)
  from space 3584K, 87% used [0x00000000d6200000,0x00000000d650f7d8,0x00000000d6580000)
  to   space 3584K, 0% used [0x00000000d5e80000,0x00000000d5e80000,0x00000000d6200000)
 ParOldGen       total 293888K, used 293611K [0x0000000080000000, 0x0000000091f00000, 0x00000000d5580000)
  object space 293888K, 99% used [0x0000000080000000,0x0000000091ebaeb8,0x0000000091f00000)
 Metaspace       used 64030K, committed 65472K, reserved 1114112K
  class space    used 6536K, committed 7168K, reserved 1048576K
}
Event: 18.076 GC heap before
{Heap before GC invocations=207 (full 4):
 PSYoungGen      total 12800K, used 12349K [0x00000000d5580000, 0x00000000d6680000, 0x0000000100000000)
  eden space 9216K, 100% used [0x00000000d5580000,0x00000000d5e80000,0x00000000d5e80000)
  from space 3584K, 87% used [0x00000000d6200000,0x00000000d650f7d8,0x00000000d6580000)
  to   space 3584K, 0% used [0x00000000d5e80000,0x00000000d5e80000,0x00000000d6200000)
 ParOldGen       total 293888K, used 293611K [0x0000000080000000, 0x0000000091f00000, 0x00000000d5580000)
  object space 293888K, 99% used [0x0000000080000000,0x0000000091ebaeb8,0x0000000091f00000)
 Metaspace       used 64030K, committed 65472K, reserved 1114112K
  class space    used 6536K, committed 7168K, reserved 1048576K
}
Event: 18.079 GC heap after
{Heap after GC invocations=207 (full 4):
 PSYoungGen      total 12800K, used 3494K [0x00000000d5580000, 0x00000000d6780000, 0x0000000100000000)
  eden space 9216K, 0% used [0x00000000d5580000,0x00000000d5580000,0x00000000d5e80000)
  from space 3584K, 97% used [0x00000000d5e80000,0x00000000d61e9868,0x00000000d6200000)
  to   space 3584K, 0% used [0x00000000d6400000,0x00000000d6400000,0x00000000d6780000)
 ParOldGen       total 296960K, used 296641K [0x0000000080000000, 0x0000000092200000, 0x00000000d5580000)
  object space 296960K, 99% used [0x0000000080000000,0x00000000921b0628,0x0000000092200000)
 Metaspace       used 64030K, committed 65472K, reserved 1114112K
  class space    used 6536K, committed 7168K, reserved 1048576K
}
Event: 18.085 GC heap before
{Heap before GC invocations=208 (full 4):
 PSYoungGen      total 12800K, used 12710K [0x00000000d5580000, 0x00000000d6780000, 0x0000000100000000)
  eden space 9216K, 100% used [0x00000000d5580000,0x00000000d5e80000,0x00000000d5e80000)
  from space 3584K, 97% used [0x00000000d5e80000,0x00000000d61e9868,0x00000000d6200000)
  to   space 3584K, 0% used [0x00000000d6400000,0x00000000d6400000,0x00000000d6780000)
 ParOldGen       total 296960K, used 296641K [0x0000000080000000, 0x0000000092200000, 0x00000000d5580000)
  object space 296960K, 99% used [0x0000000080000000,0x00000000921b0628,0x0000000092200000)
 Metaspace       used 64038K, committed 65472K, reserved 1114112K
  class space    used 6536K, committed 7168K, reserved 1048576K
}
Event: 18.087 GC heap after
{Heap after GC invocations=208 (full 4):
 PSYoungGen      total 10240K, used 3558K [0x00000000d5580000, 0x00000000d7080000, 0x0000000100000000)
  eden space 6656K, 0% used [0x00000000d5580000,0x00000000d5580000,0x00000000d5c00000)
  from space 3584K, 99% used [0x00000000d6400000,0x00000000d6779bc0,0x00000000d6780000)
  to   space 8192K, 0% used [0x00000000d5c00000,0x00000000d5c00000,0x00000000d6400000)
 ParOldGen       total 300544K, used 300338K [0x0000000080000000, 0x0000000092580000, 0x00000000d5580000)
  object space 300544K, 99% used [0x0000000080000000,0x000000009254c860,0x0000000092580000)
 Metaspace       used 64038K, committed 65472K, reserved 1114112K
  class space    used 6536K, committed 7168K, reserved 1048576K
}
Event: 18.091 GC heap before
{Heap before GC invocations=209 (full 4):
 PSYoungGen      total 10240K, used 10214K [0x00000000d5580000, 0x00000000d7080000, 0x0000000100000000)
  eden space 6656K, 100% used [0x00000000d5580000,0x00000000d5c00000,0x00000000d5c00000)
  from space 3584K, 99% used [0x00000000d6400000,0x00000000d6779bc0,0x00000000d6780000)
  to   space 8192K, 0% used [0x00000000d5c00000,0x00000000d5c00000,0x00000000d6400000)
 ParOldGen       total 300544K, used 300338K [0x0000000080000000, 0x0000000092580000, 0x00000000d5580000)
  object space 300544K, 99% used [0x0000000080000000,0x000000009254c860,0x0000000092580000)
 Metaspace       used 64038K, committed 65472K, reserved 1114112K
  class space    used 6536K, committed 7168K, reserved 1048576K
}
Event: 18.093 GC heap after
{Heap after GC invocations=209 (full 4):
 PSYoungGen      total 9728K, used 2791K [0x00000000d5580000, 0x00000000d6680000, 0x0000000100000000)
  eden space 6656K, 0% used [0x00000000d5580000,0x00000000d5580000,0x00000000d5c00000)
  from space 3072K, 90% used [0x00000000d5c00000,0x00000000d5eb9da8,0x00000000d5f00000)
  to   space 4608K, 0% used [0x00000000d6200000,0x00000000d6200000,0x00000000d6680000)
 ParOldGen       total 304128K, used 303763K [0x0000000080000000, 0x0000000092900000, 0x00000000d5580000)
  object space 304128K, 99% used [0x0000000080000000,0x00000000928a4fb0,0x0000000092900000)
 Metaspace       used 64038K, committed 65472K, reserved 1114112K
  class space    used 6536K, committed 7168K, reserved 1048576K
}
Event: 18.243 GC heap before
{Heap before GC invocations=210 (full 4):
 PSYoungGen      total 9728K, used 9447K [0x00000000d5580000, 0x00000000d6680000, 0x0000000100000000)
  eden space 6656K, 100% used [0x00000000d5580000,0x00000000d5c00000,0x00000000d5c00000)
  from space 3072K, 90% used [0x00000000d5c00000,0x00000000d5eb9da8,0x00000000d5f00000)
  to   space 4608K, 0% used [0x00000000d6200000,0x00000000d6200000,0x00000000d6680000)
 ParOldGen       total 304128K, used 303763K [0x0000000080000000, 0x0000000092900000, 0x00000000d5580000)
  object space 304128K, 99% used [0x0000000080000000,0x00000000928a4fb0,0x0000000092900000)
 Metaspace       used 64074K, committed 65600K, reserved 1114112K
  class space    used 6539K, committed 7168K, reserved 1048576K
}
Event: 18.245 GC heap after
{Heap after GC invocations=210 (full 4):
 PSYoungGen      total 10240K, used 2005K [0x00000000d5580000, 0x00000000d6400000, 0x0000000100000000)
  eden space 8192K, 0% used [0x00000000d5580000,0x00000000d5580000,0x00000000d5d80000)
  from space 2048K, 97% used [0x00000000d6200000,0x00000000d63f5518,0x00000000d6400000)
  to   space 3072K, 0% used [0x00000000d5e00000,0x00000000d5e00000,0x00000000d6100000)
 ParOldGen       total 306688K, used 306406K [0x0000000080000000, 0x0000000092b80000, 0x00000000d5580000)
  object space 306688K, 99% used [0x0000000080000000,0x0000000092b39b90,0x0000000092b80000)
 Metaspace       used 64074K, committed 65600K, reserved 1114112K
  class space    used 6539K, committed 7168K, reserved 1048576K
}
Event: 18.388 GC heap before
{Heap before GC invocations=211 (full 4):
 PSYoungGen      total 10240K, used 10197K [0x00000000d5580000, 0x00000000d6400000, 0x0000000100000000)
  eden space 8192K, 100% used [0x00000000d5580000,0x00000000d5d80000,0x00000000d5d80000)
  from space 2048K, 97% used [0x00000000d6200000,0x00000000d63f5518,0x00000000d6400000)
  to   space 3072K, 0% used [0x00000000d5e00000,0x00000000d5e00000,0x00000000d6100000)
 ParOldGen       total 306688K, used 306406K [0x0000000080000000, 0x0000000092b80000, 0x00000000d5580000)
  object space 306688K, 99% used [0x0000000080000000,0x0000000092b39b90,0x0000000092b80000)
 Metaspace       used 64125K, committed 65600K, reserved 1114112K
  class space    used 6541K, committed 7168K, reserved 1048576K
}
Event: 18.390 GC heap after
{Heap after GC invocations=211 (full 4):
 PSYoungGen      total 11264K, used 891K [0x00000000d5580000, 0x00000000d6280000, 0x0000000100000000)
  eden space 8192K, 0% used [0x00000000d5580000,0x00000000d5580000,0x00000000d5d80000)
  from space 3072K, 29% used [0x00000000d5e00000,0x00000000d5edec28,0x00000000d6100000)
  to   space 1536K, 0% used [0x00000000d6100000,0x00000000d6100000,0x00000000d6280000)
 ParOldGen       total 308736K, used 308363K [0x0000000080000000, 0x0000000092d80000, 0x00000000d5580000)
  object space 308736K, 99% used [0x0000000080000000,0x0000000092d22e78,0x0000000092d80000)
 Metaspace       used 64125K, committed 65600K, reserved 1114112K
  class space    used 6541K, committed 7168K, reserved 1048576K
}
Event: 18.427 GC heap before
{Heap before GC invocations=212 (full 4):
 PSYoungGen      total 11264K, used 9083K [0x00000000d5580000, 0x00000000d6280000, 0x0000000100000000)
  eden space 8192K, 100% used [0x00000000d5580000,0x00000000d5d80000,0x00000000d5d80000)
  from space 3072K, 29% used [0x00000000d5e00000,0x00000000d5edec28,0x00000000d6100000)
  to   space 1536K, 0% used [0x00000000d6100000,0x00000000d6100000,0x00000000d6280000)
 ParOldGen       total 308736K, used 308363K [0x0000000080000000, 0x0000000092d80000, 0x00000000d5580000)
  object space 308736K, 99% used [0x0000000080000000,0x0000000092d22e78,0x0000000092d80000)
 Metaspace       used 64127K, committed 65600K, reserved 1114112K
  class space    used 6541K, committed 7168K, reserved 1048576K
}
Event: 18.428 GC heap after
{Heap after GC invocations=212 (full 4):
 PSYoungGen      total 9216K, used 918K [0x00000000d5580000, 0x00000000d6200000, 0x0000000100000000)
  eden space 8192K, 0% used [0x00000000d5580000,0x00000000d5580000,0x00000000d5d80000)
  from space 1024K, 89% used [0x00000000d6100000,0x00000000d61e5808,0x00000000d6200000)
  to   space 1024K, 0% used [0x00000000d6000000,0x00000000d6000000,0x00000000d6100000)
 ParOldGen       total 309248K, used 309131K [0x0000000080000000, 0x0000000092e00000, 0x00000000d5580000)
  object space 309248K, 99% used [0x0000000080000000,0x0000000092de2ea8,0x0000000092e00000)
 Metaspace       used 64127K, committed 65600K, reserved 1114112K
  class space    used 6541K, committed 7168K, reserved 1048576K
}
Event: 18.497 GC heap before
{Heap before GC invocations=213 (full 4):
 PSYoungGen      total 9216K, used 9110K [0x00000000d5580000, 0x00000000d6200000, 0x0000000100000000)
  eden space 8192K, 100% used [0x00000000d5580000,0x00000000d5d80000,0x00000000d5d80000)
  from space 1024K, 89% used [0x00000000d6100000,0x00000000d61e5808,0x00000000d6200000)
  to   space 1024K, 0% used [0x00000000d6000000,0x00000000d6000000,0x00000000d6100000)
 ParOldGen       total 309248K, used 309131K [0x0000000080000000, 0x0000000092e00000, 0x00000000d5580000)
  object space 309248K, 99% used [0x0000000080000000,0x0000000092de2ea8,0x0000000092e00000)
 Metaspace       used 64129K, committed 65600K, reserved 1114112K
  class space    used 6541K, committed 7168K, reserved 1048576K
}

